[2021-09-27 23:52:05] - ----------------------
Current directory: D:\proj\php\ltomhl\src
Scan dir: D:\mhl_dst/1231312
----------------------

[2021-09-27 23:52:05] - Loading directory contents
[2021-09-27 23:52:05] - Loading MHL files data
[2021-09-27 23:52:05] - 
----------------------
Files in list: 18
----------------------

[2021-09-27 23:52:05] - Init progress
[2021-09-27 23:52:05] - Verifying...
[2021-09-27 23:52:06] - flash1\A004C002_210916_ROJB\A004C002_210916_ROJB.1660494.arx OK!
[2021-09-27 23:52:07] - flash1\A004C002_210916_ROJB\A004C002_210916_ROJB.1660495.arx OK!
[2021-09-27 23:52:07] - flash1\A004C002_210916_ROJB\A004C002_210916_ROJB.1660496.arx OK!
[2021-09-27 23:52:07] - flash1\A004C012_210916_ROJB\A004C012_210916_ROJB.1891033.arx OK!
[2021-09-27 23:52:07] - flash1\A004C012_210916_ROJB\A004C012_210916_ROJB.1891034.arx OK!
[2021-09-27 23:52:07] - flash1\A004C012_210916_ROJB\A004C012_210916_ROJB.1891035.arx OK!
[2021-09-27 23:52:07] - flash1\A004ROJB_AVID.ale OK!
[2021-09-27 23:52:07] - flash1\A004ROJB_BIN.bin OK!
[2021-09-27 23:52:07] - flash1\test.mhl not exists in mhl file. Calculated hash is fa55953d1b91c11c
[2021-09-27 23:52:07] - flash2\A004C002_210916_ROJB\A004C002_210916_ROJB.1660494.arx OK!
[2021-09-27 23:52:07] - flash2\A004C002_210916_ROJB\A004C002_210916_ROJB.1660495.arx OK!
[2021-09-27 23:52:07] - flash2\A004C002_210916_ROJB\A004C002_210916_ROJB.1660496.arx OK!
[2021-09-27 23:52:08] - flash2\A004C012_210916_ROJB\A004C012_210916_ROJB.1891033.arx OK!
[2021-09-27 23:52:08] - flash2\A004C012_210916_ROJB\A004C012_210916_ROJB.1891034.arx OK!
[2021-09-27 23:52:08] - flash2\A004C012_210916_ROJB\A004C012_210916_ROJB.1891035.arx OK!
[2021-09-27 23:52:08] - flash2\A004ROJB_AVID.ale OK!
[2021-09-27 23:52:08] - flash2\A004ROJB_BIN.bin OK!
[2021-09-27 23:52:08] - Bad hash for file: flash2\test.mhl; calculated: d29d8d6f920783d8
[2021-09-27 23:52:08] - 18 files processed.
